<?xml version="1.0" encoding="UTF-8"?>
<!-- Generated by org.testng.reporters.JUnitReportReporter -->
<testsuite hostname="DESKTOP-GKD2DOT" failures="0" tests="4" name="AdminPortal.RegressionTestCases.messagesAdminToTenant" time="44.002" errors="0" timestamp="2024-12-03T19:41:59 EET" skipped="0">
  <testcase classname="AdminPortal.RegressionTestCases.messagesAdminToTenant" name="openBroadcastePage" time="3.601"/>
  <system-out/>
  <testcase classname="AdminPortal.RegressionTestCases.messagesAdminToTenant" name="broadcastDataAddition" time="10.034"/>
  <system-out/>
  <testcase classname="AdminPortal.RegressionTestCases.messagesAdminToTenant" name="tenantLogin" time="19.208"/>
  <system-out/>
  <testcase classname="AdminPortal.RegressionTestCases.messagesAdminToTenant" name="checkMessageTenantPortal" time="11.159"/>
  <system-out/>
</testsuite> <!-- AdminPortal.RegressionTestCases.messagesAdminToTenant -->
