<?xml version="1.0" encoding="UTF-8"?>
<!-- Generated by org.testng.reporters.JUnitReportReporter -->
<testsuite hostname="DESKTOP-GKD2DOT" failures="0" tests="4" name="AdminPortal.RegressionTestCases.documentAdminToTenant" time="88.753" errors="0" timestamp="2024-12-19T19:31:12 EET" skipped="0">
  <testcase classname="AdminPortal.RegressionTestCases.documentAdminToTenant" name="addNewDocument" time="4.641"/>
  <system-out/>
  <testcase classname="AdminPortal.RegressionTestCases.documentAdminToTenant" name="tenantLogin" time="18.851"/>
  <system-out/>
  <testcase classname="AdminPortal.RegressionTestCases.documentAdminToTenant" name="checkDocumentAdded" time="4.213"/>
  <system-out/>
  <testcase classname="AdminPortal.RegressionTestCases.documentAdminToTenant" name="deleteDocs" time="61.048"/>
  <system-out/>
</testsuite> <!-- AdminPortal.RegressionTestCases.documentAdminToTenant -->
