<?xml version="1.0" encoding="UTF-8"?>
<!-- Generated by org.testng.reporters.JUnitReportReporter -->
<testsuite hostname="DESKTOP-GKD2DOT" failures="0" tests="4" name="AdminPortal.RegressionTestCases.invoicesPayment" time="50.400" errors="0" timestamp="2024-12-29T11:55:53 EET" skipped="0">
  <testcase classname="AdminPortal.RegressionTestCases.invoicesPayment" name="addNewInvoice" time="19.224"/>
  <system-out/>
  <testcase classname="AdminPortal.RegressionTestCases.invoicesPayment" name="erpSystem" time="17.994"/>
  <system-out/>
  <testcase classname="AdminPortal.RegressionTestCases.invoicesPayment" name="tenantLogin" time="12.231"/>
  <system-out/>
  <testcase classname="AdminPortal.RegressionTestCases.invoicesPayment" name="checkInvoiceNumberStatusAndDescription" time="0.951"/>
  <system-out/>
</testsuite> <!-- AdminPortal.RegressionTestCases.invoicesPayment -->
