<?xml version="1.0" encoding="UTF-8"?>
<!-- Generated by org.testng.reporters.JUnitReportReporter -->
<testsuite hostname="DESKTOP-GKD2DOT" failures="0" tests="4" name="AdminPortal.RegressionTestCases.contactUsTenantToAdmin" time="29.580" errors="0" timestamp="2024-12-29T12:34:03 EET" skipped="0">
  <testcase classname="AdminPortal.RegressionTestCases.contactUsTenantToAdmin" name="testRedirectToContactUsPage" time="0.966"/>
  <system-out/>
  <testcase classname="AdminPortal.RegressionTestCases.contactUsTenantToAdmin" name="enterDataInContactUsForm" time="4.919"/>
  <system-out/>
  <testcase classname="AdminPortal.RegressionTestCases.contactUsTenantToAdmin" name="loginToAdmin" time="19.209"/>
  <system-out/>
  <testcase classname="AdminPortal.RegressionTestCases.contactUsTenantToAdmin" name="contactRequestCheck" time="4.486"/>
  <system-out/>
</testsuite> <!-- AdminPortal.RegressionTestCases.contactUsTenantToAdmin -->
