<?xml version="1.0" encoding="UTF-8"?>
<!-- Generated by org.testng.reporters.JUnitReportReporter -->
<testsuite hostname="DESKTOP-GKD2DOT" failures="0" tests="4" name="AdminPortal.RegressionTestCases.violationStatusWindowHandle" time="29.933" errors="0" timestamp="2024-12-29T12:01:00 EET" skipped="0">
  <testcase classname="AdminPortal.RegressionTestCases.violationStatusWindowHandle" name="addViolationAdminPortal" time="11.584"/>
  <system-out/>
  <testcase classname="AdminPortal.RegressionTestCases.violationStatusWindowHandle" name="checkViolationAddedTenant" time="13.439"/>
  <system-out/>
  <testcase classname="AdminPortal.RegressionTestCases.violationStatusWindowHandle" name="tenantViolations" time="3.833"/>
  <system-out/>
  <testcase classname="AdminPortal.RegressionTestCases.violationStatusWindowHandle" name="resolveViolationAdminPortal" time="1.077"/>
  <system-out/>
</testsuite> <!-- AdminPortal.RegressionTestCases.violationStatusWindowHandle -->
