<?xml version="1.0" encoding="UTF-8"?>
<!-- Generated by org.testng.reporters.JUnitReportReporter -->
<testsuite hostname="DESKTOP-GKD2DOT" failures="0" tests="3" name="AdminPortal.RegressionTestCases.petsAdminToTenant" time="21.379" errors="0" timestamp="2024-12-03T08:37:30 EET" skipped="0">
  <testcase classname="AdminPortal.RegressionTestCases.petsAdminToTenant" name="addNewPet" time="7.076"/>
  <system-out/>
  <testcase classname="AdminPortal.RegressionTestCases.petsAdminToTenant" name="tenantLogin" time="13.051"/>
  <system-out/>
  <testcase classname="AdminPortal.RegressionTestCases.petsAdminToTenant" name="checkPetData" time="1.252"/>
  <system-out/>
</testsuite> <!-- AdminPortal.RegressionTestCases.petsAdminToTenant -->
