<?xml version="1.0" encoding="UTF-8"?>
<!-- Generated by org.testng.reporters.JUnitReportReporter -->
<testsuite hostname="DESKTOP-GKD2DOT" failures="0" tests="6" name="AdminPortal.RegressionTestCases.subscriptionActivation" time="73.814" errors="0" timestamp="2024-12-15T08:33:36 EET" skipped="0">
  <testcase classname="AdminPortal.RegressionTestCases.subscriptionActivation" name="chooseServicesSearch" time="17.571"/>
  <system-out/>
  <testcase classname="AdminPortal.RegressionTestCases.subscriptionActivation" name="chooseServicesSearchAndSubscribe" time="20.031"/>
  <system-out/>
  <testcase classname="AdminPortal.RegressionTestCases.subscriptionActivation" name="checkSubscriptionDataTenantPortal" time="1.102"/>
  <system-out/>
  <testcase classname="AdminPortal.RegressionTestCases.subscriptionActivation" name="loginToAdmin" time="20.778"/>
  <system-out/>
  <testcase classname="AdminPortal.RegressionTestCases.subscriptionActivation" name="openSubscriptionsPageAdmin" time="9.897"/>
  <system-out/>
  <testcase classname="AdminPortal.RegressionTestCases.subscriptionActivation" name="checkActivatedSubscriptionTenantPortal" time="4.435"/>
  <system-out/>
</testsuite> <!-- AdminPortal.RegressionTestCases.subscriptionActivation -->
