<?xml version="1.0" encoding="UTF-8"?>
<!-- Generated by org.testng.reporters.JUnitReportReporter -->
<testsuite hostname="DESKTOP-GKD2DOT" failures="0" tests="4" name="AdminPortal.RegressionTestCases.messagesAdminToTenant" time="32.769" errors="0" timestamp="2024-12-16T18:31:15 EET" skipped="0">
  <testcase classname="AdminPortal.RegressionTestCases.messagesAdminToTenant" name="openMessagesPage" time="1.534"/>
  <system-out/>
  <testcase classname="AdminPortal.RegressionTestCases.messagesAdminToTenant" name="messageDataAddition" time="6.663"/>
  <system-out/>
  <testcase classname="AdminPortal.RegressionTestCases.messagesAdminToTenant" name="tenantLogin" time="20.590"/>
  <system-out/>
  <testcase classname="AdminPortal.RegressionTestCases.messagesAdminToTenant" name="checkMessageTenantPortal" time="3.982"/>
  <system-out/>
</testsuite> <!-- AdminPortal.RegressionTestCases.messagesAdminToTenant -->
