<?xml version="1.0" encoding="UTF-8"?>
<!-- Generated by org.testng.reporters.JUnitReportReporter -->
<testsuite hostname="DESKTOP-GKD2DOT" failures="0" tests="4" name="AdminPortal.RegressionTestCases.messagesAdminToTenant" time="30.422" errors="0" timestamp="2024-12-14T11:06:22 EET" skipped="0">
  <testcase classname="AdminPortal.RegressionTestCases.messagesAdminToTenant" name="openMessagesPage" time="0.622"/>
  <system-out/>
  <testcase classname="AdminPortal.RegressionTestCases.messagesAdminToTenant" name="messageDataAddition" time="6.405"/>
  <system-out/>
  <testcase classname="AdminPortal.RegressionTestCases.messagesAdminToTenant" name="tenantLogin" time="20.057"/>
  <system-out/>
  <testcase classname="AdminPortal.RegressionTestCases.messagesAdminToTenant" name="checkMessageTenantPortal" time="3.338"/>
  <system-out/>
</testsuite> <!-- AdminPortal.RegressionTestCases.messagesAdminToTenant -->
