<?xml version="1.0" encoding="UTF-8"?>
<!-- Generated by org.testng.reporters.JUnitReportReporter -->
<testsuite hostname="DESKTOP-GKD2DOT" failures="0" tests="6" name="AdminPortal.RegressionTestCases.subscriptionActivation" time="284.440" errors="0" timestamp="2025-01-01T09:03:00 EET" skipped="0">
  <testcase classname="AdminPortal.RegressionTestCases.subscriptionActivation" name="chooseServicesSearch" time="35.780"/>
  <system-out/>
  <testcase classname="AdminPortal.RegressionTestCases.subscriptionActivation" name="chooseServicesSearchAndSubscribe" time="21.860"/>
  <system-out/>
  <testcase classname="AdminPortal.RegressionTestCases.subscriptionActivation" name="checkSubscriptionDataTenantPortal" time="0.881"/>
  <system-out/>
  <testcase classname="AdminPortal.RegressionTestCases.subscriptionActivation" name="loginToAdmin" time="176.106"/>
  <system-out/>
  <testcase classname="AdminPortal.RegressionTestCases.subscriptionActivation" name="openSubscriptionsPageAdmin" time="45.859"/>
  <system-out/>
  <testcase classname="AdminPortal.RegressionTestCases.subscriptionActivation" name="checkActivatedSubscriptionTenantPortal" time="3.954"/>
  <system-out/>
</testsuite> <!-- AdminPortal.RegressionTestCases.subscriptionActivation -->
