<?xml version="1.0" encoding="UTF-8"?>
<!-- Generated by org.testng.reporters.JUnitReportReporter -->
<testsuite hostname="DESKTOP-GKD2DOT" failures="0" tests="4" name="AdminPortal.RegressionTestCases.changeCreds" time="36.415" errors="0" timestamp="2025-01-01T20:33:53 EET" skipped="0">
  <testcase classname="AdminPortal.RegressionTestCases.changeCreds" name="searchForUserAndChangeUsername" time="6.797"/>
  <system-out/>
  <testcase classname="AdminPortal.RegressionTestCases.changeCreds" name="tenantLogin" time="15.736"/>
  <system-out/>
  <testcase classname="AdminPortal.RegressionTestCases.changeCreds" name="changePasswordAdmin" time="7.241"/>
  <system-out/>
  <testcase classname="AdminPortal.RegressionTestCases.changeCreds" name="loginTenant" time="6.641"/>
  <system-out/>
</testsuite> <!-- AdminPortal.RegressionTestCases.changeCreds -->
