<?xml version="1.0" encoding="UTF-8"?>
<!-- Generated by org.testng.reporters.JUnitReportReporter -->
<testsuite hostname="DESKTOP-GKD2DOT" failures="0" tests="4" name="AdminPortal.RegressionTestCases.contactUsTenantToAdmin" time="39.290" errors="0" timestamp="2024-12-02T15:46:55 EET" skipped="0">
  <testcase classname="AdminPortal.RegressionTestCases.contactUsTenantToAdmin" name="testRedirectToContactUsPage" time="2.019"/>
  <system-out/>
  <testcase classname="AdminPortal.RegressionTestCases.contactUsTenantToAdmin" name="enterDataInContactUsForm" time="19.527"/>
  <system-out/>
  <testcase classname="AdminPortal.RegressionTestCases.contactUsTenantToAdmin" name="loginToAdmin" time="15.444"/>
  <system-out/>
  <testcase classname="AdminPortal.RegressionTestCases.contactUsTenantToAdmin" name="contactRequestCheck" time="2.300"/>
  <system-out/>
</testsuite> <!-- AdminPortal.RegressionTestCases.contactUsTenantToAdmin -->
