<?xml version="1.0" encoding="UTF-8"?>
<!-- Generated by org.testng.reporters.JUnitReportReporter -->
<testsuite hostname="DESKTOP-GKD2DOT" failures="0" tests="2" name="AdminPortal.RegressionTestCases.changeCreds" time="29.170" errors="0" timestamp="2024-12-03T15:39:51 EET" skipped="0">
  <testcase classname="AdminPortal.RegressionTestCases.changeCreds" name="searchForUser" time="16.080"/>
  <system-out/>
  <testcase classname="AdminPortal.RegressionTestCases.changeCreds" name="tenantLogin" time="13.090"/>
  <system-out/>
</testsuite> <!-- AdminPortal.RegressionTestCases.changeCreds -->
