<?xml version="1.0" encoding="UTF-8"?>
<!-- Generated by org.testng.reporters.JUnitReportReporter -->
<testsuite hostname="DESKTOP-GKD2DOT" failures="0" tests="4" name="AdminPortal.RegressionTestCases.subscriptionActivation" time="72.245" errors="0" timestamp="2024-12-03T14:43:35 EET" skipped="0">
  <testcase classname="AdminPortal.RegressionTestCases.subscriptionActivation" name="chooseServicesSearch" time="21.768"/>
  <system-out/>
  <testcase classname="AdminPortal.RegressionTestCases.subscriptionActivation" name="chooseServicesSearchAndSubscribe" time="20.001"/>
  <system-out/>
  <testcase classname="AdminPortal.RegressionTestCases.subscriptionActivation" name="loginToAdmin" time="18.820"/>
  <system-out/>
  <testcase classname="AdminPortal.RegressionTestCases.subscriptionActivation" name="openSubscriptionsPageAdmin" time="11.656"/>
  <system-out/>
</testsuite> <!-- AdminPortal.RegressionTestCases.subscriptionActivation -->
