<?xml version="1.0" encoding="UTF-8"?>
<!-- Generated by org.testng.reporters.JUnitReportReporter -->
<testsuite hostname="DESKTOP-GKD2DOT" failures="0" tests="4" name="AdminPortal.RegressionTestCases.broadcastAdminToTenant" time="31.940" errors="0" timestamp="2024-12-14T11:52:12 EET" skipped="0">
  <testcase classname="AdminPortal.RegressionTestCases.broadcastAdminToTenant" name="openBroadcastePage" time="0.785"/>
  <system-out/>
  <testcase classname="AdminPortal.RegressionTestCases.broadcastAdminToTenant" name="broadcastDataAddition" time="5.589"/>
  <system-out/>
  <testcase classname="AdminPortal.RegressionTestCases.broadcastAdminToTenant" name="tenantLogin" time="22.329"/>
  <system-out/>
  <testcase classname="AdminPortal.RegressionTestCases.broadcastAdminToTenant" name="checkBroadcast" time="3.237"/>
  <system-out/>
</testsuite> <!-- AdminPortal.RegressionTestCases.broadcastAdminToTenant -->
