<?xml version="1.0" encoding="UTF-8"?>
<!-- Generated by org.testng.reporters.JUnitReportReporter -->
<testsuite hostname="DESKTOP-GKD2DOT" failures="0" tests="4" name="AdminPortal.RegressionTestCases.vehicleAdminToTenant" time="35.974" errors="0" timestamp="2024-12-13T14:53:58 EET" skipped="0">
  <testcase classname="AdminPortal.RegressionTestCases.vehicleAdminToTenant" name="openVehiclePage" time="6.208"/>
  <system-out/>
  <testcase classname="AdminPortal.RegressionTestCases.vehicleAdminToTenant" name="enterVehicleData" time="17.145"/>
  <system-out/>
  <testcase classname="AdminPortal.RegressionTestCases.vehicleAdminToTenant" name="tenantLogin" time="9.902"/>
  <system-out/>
  <testcase classname="AdminPortal.RegressionTestCases.vehicleAdminToTenant" name="checkVehicleAdded" time="2.719"/>
  <system-out/>
</testsuite> <!-- AdminPortal.RegressionTestCases.vehicleAdminToTenant -->
