<?xml version="1.0" encoding="UTF-8"?>
<!-- Generated by org.testng.reporters.JUnitReportReporter -->
<testsuite hostname="DESKTOP-GKD2DOT" failures="0" tests="4" name="AdminPortal.RegressionTestCases.invoicesDue" time="47.002" errors="0" timestamp="2024-12-08T11:54:03 EET" skipped="0">
  <testcase classname="AdminPortal.RegressionTestCases.invoicesDue" name="addNewInvoice" time="15.621"/>
  <system-out/>
  <testcase classname="AdminPortal.RegressionTestCases.invoicesDue" name="erpSystem" time="14.247"/>
  <system-out/>
  <testcase classname="AdminPortal.RegressionTestCases.invoicesDue" name="tenantLogin" time="12.948"/>
  <system-out/>
  <testcase classname="AdminPortal.RegressionTestCases.invoicesDue" name="checkInvoiceNumberStatusAndDescription" time="4.186"/>
  <system-out/>
</testsuite> <!-- AdminPortal.RegressionTestCases.invoicesDue -->
