<?xml version="1.0" encoding="UTF-8"?>
<!-- Generated by org.testng.reporters.JUnitReportReporter -->
<testsuite hostname="DESKTOP-GKD2DOT" failures="0" tests="6" name="AdminPortal.RegressionTestCases.vehicleAdminToTenant" time="52.429" errors="0" timestamp="2025-01-01T22:36:09 EET" skipped="0">
  <testcase classname="AdminPortal.RegressionTestCases.vehicleAdminToTenant" name="openVehiclePage" time="6.423"/>
  <system-out/>
  <testcase classname="AdminPortal.RegressionTestCases.vehicleAdminToTenant" name="tenantLogin" time="4.510"/>
  <system-out/>
  <testcase classname="AdminPortal.RegressionTestCases.vehicleAdminToTenant" name="enterVehicleData" time="29.225"/>
  <system-out/>
  <testcase classname="AdminPortal.RegressionTestCases.vehicleAdminToTenant" name="checkVehicleAdded" time="5.288"/>
  <system-out/>
  <testcase classname="AdminPortal.RegressionTestCases.vehicleAdminToTenant" name="checkDeletedVehicle" time="2.458"/>
  <system-out/>
  <testcase classname="AdminPortal.RegressionTestCases.vehicleAdminToTenant" name="checkDeletedVehicleTenant" time="4.525"/>
  <system-out/>
</testsuite> <!-- AdminPortal.RegressionTestCases.vehicleAdminToTenant -->
