<?xml version="1.0" encoding="UTF-8"?>
<!-- Generated by org.testng.reporters.JUnitReportReporter -->
<testsuite hostname="DESKTOP-GKD2DOT" failures="0" tests="4" name="AdminPortal.RegressionTestCases.broadcastAdminToTenant" time="29.136" errors="0" timestamp="2024-12-29T16:57:30 EET" skipped="0">
  <testcase classname="AdminPortal.RegressionTestCases.broadcastAdminToTenant" name="openBroadcastePage" time="0.801"/>
  <system-out/>
  <testcase classname="AdminPortal.RegressionTestCases.broadcastAdminToTenant" name="broadcastDataAddition" time="7.492"/>
  <system-out/>
  <testcase classname="AdminPortal.RegressionTestCases.broadcastAdminToTenant" name="tenantLogin" time="13.499"/>
  <system-out/>
  <testcase classname="AdminPortal.RegressionTestCases.broadcastAdminToTenant" name="checkBroadcast" time="7.344"/>
  <system-out/>
</testsuite> <!-- AdminPortal.RegressionTestCases.broadcastAdminToTenant -->
