<?xml version="1.0" encoding="UTF-8"?>
<!-- Generated by org.testng.reporters.JUnitReportReporter -->
<testsuite hostname="DESKTOP-GKD2DOT" failures="0" tests="4" name="AdminPortal.RegressionTestCases.contactUsTenantToAdmin" time="23.934" errors="0" timestamp="2024-12-13T18:58:17 EET" skipped="0">
  <testcase classname="AdminPortal.RegressionTestCases.contactUsTenantToAdmin" name="testRedirectToContactUsPage" time="0.554"/>
  <system-out/>
  <testcase classname="AdminPortal.RegressionTestCases.contactUsTenantToAdmin" name="enterDataInContactUsForm" time="3.528"/>
  <system-out/>
  <testcase classname="AdminPortal.RegressionTestCases.contactUsTenantToAdmin" name="loginToAdmin" time="13.170"/>
  <system-out/>
  <testcase classname="AdminPortal.RegressionTestCases.contactUsTenantToAdmin" name="contactRequestCheck" time="6.682"/>
  <system-out/>
</testsuite> <!-- AdminPortal.RegressionTestCases.contactUsTenantToAdmin -->
