<?xml version="1.0" encoding="UTF-8"?>
<!-- Generated by org.testng.reporters.JUnitReportReporter -->
<testsuite hostname="DESKTOP-GKD2DOT" failures="0" tests="3" name="AdminPortal.RegressionTestCases.dependentAdminToPortal" time="34.595" errors="0" timestamp="2024-12-03T15:10:44 EET" skipped="0">
  <testcase classname="AdminPortal.RegressionTestCases.dependentAdminToPortal" name="addNewDependent" time="10.435"/>
  <system-out/>
  <testcase classname="AdminPortal.RegressionTestCases.dependentAdminToPortal" name="tenantLogin" time="19.705"/>
  <system-out/>
  <testcase classname="AdminPortal.RegressionTestCases.dependentAdminToPortal" name="checkDependentAdded" time="4.455"/>
  <system-out/>
</testsuite> <!-- AdminPortal.RegressionTestCases.dependentAdminToPortal -->
