<?xml version="1.0" encoding="UTF-8"?>
<!-- Generated by org.testng.reporters.JUnitReportReporter -->
<testsuite hostname="DESKTOP-GKD2DOT" failures="0" tests="4" name="AdminPortal.RegressionTestCases.invoicesPayment" time="57.820" errors="0" timestamp="2024-12-11T10:30:44 EET" skipped="0">
  <testcase classname="AdminPortal.RegressionTestCases.invoicesPayment" name="addNewInvoice" time="23.680"/>
  <system-out/>
  <testcase classname="AdminPortal.RegressionTestCases.invoicesPayment" name="erpSystem" time="19.906"/>
  <system-out/>
  <testcase classname="AdminPortal.RegressionTestCases.invoicesPayment" name="tenantLogin" time="13.241"/>
  <system-out/>
  <testcase classname="AdminPortal.RegressionTestCases.invoicesPayment" name="checkInvoiceNumberStatusAndDescription" time="0.993"/>
  <system-out/>
</testsuite> <!-- AdminPortal.RegressionTestCases.invoicesPayment -->
