<?xml version="1.0" encoding="UTF-8"?>
<!-- Generated by org.testng.reporters.JUnitReportReporter -->
<testsuite hostname="DESKTOP-GKD2DOT" failures="0" tests="5" name="AdminPortal.RegressionTestCases.documentAdminToTenant" time="111.226" errors="0" timestamp="2024-12-29T12:05:58 EET" skipped="0">
  <testcase classname="AdminPortal.RegressionTestCases.documentAdminToTenant" name="addNewDocument" time="24.338"/>
  <system-out/>
  <testcase classname="AdminPortal.RegressionTestCases.documentAdminToTenant" name="tenantLogin" time="9.863"/>
  <system-out/>
  <testcase classname="AdminPortal.RegressionTestCases.documentAdminToTenant" name="checkDocumentAdded" time="2.519"/>
  <system-out/>
  <testcase classname="AdminPortal.RegressionTestCases.documentAdminToTenant" name="deleteDocs" time="51.142"/>
  <system-out/>
  <testcase classname="AdminPortal.RegressionTestCases.documentAdminToTenant" name="checkDocumentsDeleted" time="23.364"/>
  <system-out/>
</testsuite> <!-- AdminPortal.RegressionTestCases.documentAdminToTenant -->
