<?xml version="1.0" encoding="UTF-8"?>
<!-- Generated by org.testng.reporters.JUnitReportReporter -->
<testsuite hostname="DESKTOP-GKD2DOT" failures="0" tests="4" name="AdminPortal.RegressionTestCases.vehicleAdminToTenant" time="41.420" errors="0" timestamp="2024-12-05T09:51:04 EET" skipped="0">
  <testcase classname="AdminPortal.RegressionTestCases.vehicleAdminToTenant" name="openVehiclePage" time="6.632"/>
  <system-out/>
  <testcase classname="AdminPortal.RegressionTestCases.vehicleAdminToTenant" name="enterVehicleData" time="12.514"/>
  <system-out/>
  <testcase classname="AdminPortal.RegressionTestCases.vehicleAdminToTenant" name="tenantLogin" time="17.258"/>
  <system-out/>
  <testcase classname="AdminPortal.RegressionTestCases.vehicleAdminToTenant" name="checkVehicleAdded" time="5.016"/>
  <system-out/>
</testsuite> <!-- AdminPortal.RegressionTestCases.vehicleAdminToTenant -->
