<?xml version="1.0" encoding="UTF-8"?>
<!-- Generated by org.testng.reporters.JUnitReportReporter -->
<testsuite hostname="DESKTOP-GKD2DOT" failures="0" tests="4" name="AdminPortal.RegressionTestCases.broadcastAdminToTenant" time="19.816" errors="0" timestamp="2024-12-02T15:35:20 EET" skipped="0">
  <testcase classname="AdminPortal.RegressionTestCases.broadcastAdminToTenant" name="openBroadcastePage" time="0.884"/>
  <system-out/>
  <testcase classname="AdminPortal.RegressionTestCases.broadcastAdminToTenant" name="broadcastDataAddition" time="5.199"/>
  <system-out/>
  <testcase classname="AdminPortal.RegressionTestCases.broadcastAdminToTenant" name="tenantLogin" time="12.211"/>
  <system-out/>
  <testcase classname="AdminPortal.RegressionTestCases.broadcastAdminToTenant" name="checkBroadcast" time="1.522"/>
  <system-out/>
</testsuite> <!-- AdminPortal.RegressionTestCases.broadcastAdminToTenant -->
