<?xml version="1.0" encoding="UTF-8"?>
<!-- Generated by org.testng.reporters.JUnitReportReporter -->
<testsuite hostname="DESKTOP-GKD2DOT" failures="0" tests="4" name="AdminPortal.RegressionTestCases.messagesAdminToTenant" time="37.705" errors="0" timestamp="2024-12-29T12:43:53 EET" skipped="0">
  <testcase classname="AdminPortal.RegressionTestCases.messagesAdminToTenant" name="openMessagesPage" time="1.041"/>
  <system-out/>
  <testcase classname="AdminPortal.RegressionTestCases.messagesAdminToTenant" name="messageDataAddition" time="6.337"/>
  <system-out/>
  <testcase classname="AdminPortal.RegressionTestCases.messagesAdminToTenant" name="tenantLogin" time="25.017"/>
  <system-out/>
  <testcase classname="AdminPortal.RegressionTestCases.messagesAdminToTenant" name="checkMessageTenantPortal" time="5.310"/>
  <system-out/>
</testsuite> <!-- AdminPortal.RegressionTestCases.messagesAdminToTenant -->
