<?xml version="1.0" encoding="UTF-8"?>
<!-- Generated by org.testng.reporters.JUnitReportReporter -->
<testsuite hostname="DESKTOP-GKD2DOT" failures="0" tests="12" name="AdminPortal.RegressionTestCases.requestActivation" time="84.354" errors="0" timestamp="2024-12-29T15:39:47 EET" skipped="0">
  <testcase classname="AdminPortal.RegressionTestCases.requestActivation" name="chooseServicesSearch" time="7.520"/>
  <system-out/>
  <testcase classname="AdminPortal.RegressionTestCases.requestActivation" name="requestService" time="13.381"/>
  <system-out/>
  <testcase classname="AdminPortal.RegressionTestCases.requestActivation" name="checkRequestsDataTenantPortal" time="0.755"/>
  <system-out/>
  <testcase classname="AdminPortal.RegressionTestCases.requestActivation" name="loginToAdmin" time="13.590"/>
  <system-out/>
  <testcase classname="AdminPortal.RegressionTestCases.requestActivation" name="openRequestsPageAdmin" time="8.425"/>
  <system-out/>
  <testcase classname="AdminPortal.RegressionTestCases.requestActivation" name="requestProgressTenant" time="3.646"/>
  <system-out/>
  <testcase classname="AdminPortal.RegressionTestCases.requestActivation" name="pauseRequestAdmin" time="4.641"/>
  <system-out/>
  <testcase classname="AdminPortal.RegressionTestCases.requestActivation" name="checkPausedRequestTenant" time="4.293"/>
  <system-out/>
  <testcase classname="AdminPortal.RegressionTestCases.requestActivation" name="cancelRequestAdmin" time="4.529"/>
  <system-out/>
  <testcase classname="AdminPortal.RegressionTestCases.requestActivation" name="checkCancelledRequestTenant" time="4.699"/>
  <system-out/>
  <testcase classname="AdminPortal.RegressionTestCases.requestActivation" name="completeRequestAdmin" time="9.931"/>
  <system-out/>
  <testcase classname="AdminPortal.RegressionTestCases.requestActivation" name="checkCompletedRequestTenant" time="8.944"/>
  <system-out/>
</testsuite> <!-- AdminPortal.RegressionTestCases.requestActivation -->
