<?xml version="1.0" encoding="UTF-8"?>
<!-- Generated by org.testng.reporters.JUnitReportReporter -->
<testsuite hostname="DESKTOP-GKD2DOT" failures="0" tests="5" name="AdminPortal.RegressionTestCases.petsAdminToTenant" time="41.289" errors="0" timestamp="2024-12-29T12:15:36 EET" skipped="0">
  <testcase classname="AdminPortal.RegressionTestCases.petsAdminToTenant" name="addNewPet" time="11.154"/>
  <system-out/>
  <testcase classname="AdminPortal.RegressionTestCases.petsAdminToTenant" name="tenantLogin" time="14.958"/>
  <system-out/>
  <testcase classname="AdminPortal.RegressionTestCases.petsAdminToTenant" name="checkPetData" time="1.150"/>
  <system-out/>
  <testcase classname="AdminPortal.RegressionTestCases.petsAdminToTenant" name="deletePetAdmin" time="2.676"/>
  <system-out/>
  <testcase classname="AdminPortal.RegressionTestCases.petsAdminToTenant" name="checkPetTenantDelete" time="11.351"/>
  <system-out/>
</testsuite> <!-- AdminPortal.RegressionTestCases.petsAdminToTenant -->
