<?xml version="1.0" encoding="UTF-8"?>
<!-- Generated by org.testng.reporters.JUnitReportReporter -->
<testsuite hostname="DESKTOP-GKD2DOT" failures="0" tests="4" name="AdminPortal.RegressionTestCases.violationStatusWindowHandle" time="33.741" errors="0" timestamp="2024-12-19T17:02:57 EET" skipped="0">
  <testcase classname="AdminPortal.RegressionTestCases.violationStatusWindowHandle" name="addViolationAdminPortal" time="12.584"/>
  <system-out/>
  <testcase classname="AdminPortal.RegressionTestCases.violationStatusWindowHandle" name="checkViolationAddedTenant" time="12.004"/>
  <system-out/>
  <testcase classname="AdminPortal.RegressionTestCases.violationStatusWindowHandle" name="resolveViolationAdminPortal" time="2.157"/>
  <system-out/>
  <testcase classname="AdminPortal.RegressionTestCases.violationStatusWindowHandle" name="tenantViolations" time="6.996"/>
  <system-out/>
</testsuite> <!-- AdminPortal.RegressionTestCases.violationStatusWindowHandle -->
