<?xml version="1.0" encoding="UTF-8"?>
<!-- Generated by org.testng.reporters.JUnitReportReporter -->
<testsuite hostname="DESKTOP-GKD2DOT" failures="0" tests="4" name="AdminPortal.RegressionTestCases.broadcastAdminToTenant" time="24.410" errors="0" timestamp="2024-12-16T18:37:13 EET" skipped="0">
  <testcase classname="AdminPortal.RegressionTestCases.broadcastAdminToTenant" name="openBroadcastePage" time="1.827"/>
  <system-out/>
  <testcase classname="AdminPortal.RegressionTestCases.broadcastAdminToTenant" name="broadcastDataAddition" time="6.778"/>
  <system-out/>
  <testcase classname="AdminPortal.RegressionTestCases.broadcastAdminToTenant" name="tenantLogin" time="13.041"/>
  <system-out/>
  <testcase classname="AdminPortal.RegressionTestCases.broadcastAdminToTenant" name="checkBroadcast" time="2.764"/>
  <system-out/>
</testsuite> <!-- AdminPortal.RegressionTestCases.broadcastAdminToTenant -->
