<?xml version="1.0" encoding="UTF-8"?>
<!-- Generated by org.testng.reporters.JUnitReportReporter -->
<testsuite hostname="DESKTOP-GKD2DOT" failures="0" tests="3" name="AdminPortal.RegressionTestCases.petsAdminToTenant" time="41.208" errors="0" timestamp="2024-12-13T14:01:26 EET" skipped="0">
  <testcase classname="AdminPortal.RegressionTestCases.petsAdminToTenant" name="addNewPet" time="17.233"/>
  <system-out/>
  <testcase classname="AdminPortal.RegressionTestCases.petsAdminToTenant" name="tenantLogin" time="22.169"/>
  <system-out/>
  <testcase classname="AdminPortal.RegressionTestCases.petsAdminToTenant" name="checkPetData" time="1.806"/>
  <system-out/>
</testsuite> <!-- AdminPortal.RegressionTestCases.petsAdminToTenant -->
