<?xml version="1.0" encoding="UTF-8"?>
<!-- Generated by org.testng.reporters.JUnitReportReporter -->
<testsuite hostname="DESKTOP-GKD2DOT" failures="0" tests="5" name="AdminPortal.RegressionTestCases.requestStatusChange" time="76.174" errors="0" timestamp="2024-12-03T15:03:43 EET" skipped="0">
  <testcase classname="AdminPortal.RegressionTestCases.requestStatusChange" name="chooseServicesSearch" time="17.774"/>
  <system-out/>
  <testcase classname="AdminPortal.RegressionTestCases.requestStatusChange" name="chooseServicesSearchAndSubscribe" time="19.966"/>
  <system-out/>
  <testcase classname="AdminPortal.RegressionTestCases.requestStatusChange" name="loginToAdmin" time="16.918"/>
  <system-out/>
  <testcase classname="AdminPortal.RegressionTestCases.requestStatusChange" name="openSubscriptionsPageAdmin" time="14.918"/>
  <system-out/>
  <testcase classname="AdminPortal.RegressionTestCases.requestStatusChange" name="statusChange" time="6.598"/>
  <system-out/>
</testsuite> <!-- AdminPortal.RegressionTestCases.requestStatusChange -->
