<?xml version="1.0" encoding="UTF-8"?>
<!-- Generated by org.testng.reporters.JUnitReportReporter -->
<testsuite hostname="DESKTOP-GKD2DOT" failures="0" tests="4" name="AdminPortal.RegressionTestCases.invoicesDue" time="54.756" errors="0" timestamp="2024-12-29T11:53:53 EET" skipped="0">
  <testcase classname="AdminPortal.RegressionTestCases.invoicesDue" name="addNewInvoice" time="14.075"/>
  <system-out/>
  <testcase classname="AdminPortal.RegressionTestCases.invoicesDue" name="erpSystem" time="8.796"/>
  <system-out/>
  <testcase classname="AdminPortal.RegressionTestCases.invoicesDue" name="tenantLogin" time="27.733"/>
  <system-out/>
  <testcase classname="AdminPortal.RegressionTestCases.invoicesDue" name="checkInvoiceNumberStatusAndDescription" time="4.152"/>
  <system-out/>
</testsuite> <!-- AdminPortal.RegressionTestCases.invoicesDue -->
