<?xml version="1.0" encoding="UTF-8"?>
<!-- Generated by org.testng.reporters.JUnitReportReporter -->
<testsuite hostname="DESKTOP-GKD2DOT" failures="0" tests="3" name="AdminPortal.RegressionTestCases.dependentAdminToPortal" time="20.804" errors="0" timestamp="2024-12-29T12:12:31 EET" skipped="0">
  <testcase classname="AdminPortal.RegressionTestCases.dependentAdminToPortal" name="addNewDependent" time="8.655"/>
  <system-out/>
  <testcase classname="AdminPortal.RegressionTestCases.dependentAdminToPortal" name="tenantLogin" time="11.591"/>
  <system-out/>
  <testcase classname="AdminPortal.RegressionTestCases.dependentAdminToPortal" name="checkDependentAdded" time="0.558"/>
  <system-out/>
</testsuite> <!-- AdminPortal.RegressionTestCases.dependentAdminToPortal -->
